[INFO] Scanning for projects...
[INFO] 
[INFO] ---------------< edu.csumb.cst438.group15:electronicdb >----------------
[INFO] Building electronicdb 0.0.1-SNAPSHOT
[INFO] --------------------------------[ jar ]---------------------------------
[INFO] 
[INFO] >>> spring-boot-maven-plugin:2.1.0.RELEASE:run (default-cli) > test-compile @ electronicdb >>>
[INFO] 
[INFO] --- maven-resources-plugin:3.1.0:resources (default-resources) @ electronicdb ---
[INFO] Using 'UTF-8' encoding to copy filtered resources.
[INFO] Copying 1 resource
[INFO] Copying 0 resource
[INFO] 
[INFO] --- maven-compiler-plugin:3.8.0:compile (default-compile) @ electronicdb ---
[INFO] Nothing to compile - all classes are up to date
[INFO] 
[INFO] --- maven-resources-plugin:3.1.0:testResources (default-testResources) @ electronicdb ---
[INFO] Using 'UTF-8' encoding to copy filtered resources.
[INFO] skip non existing resourceDirectory /Users/raeleenwatson/Documents/electronicdb/src/test/resources
[INFO] 
[INFO] --- maven-compiler-plugin:3.8.0:testCompile (default-testCompile) @ electronicdb ---
[INFO] Nothing to compile - all classes are up to date
[INFO] 
[INFO] <<< spring-boot-maven-plugin:2.1.0.RELEASE:run (default-cli) < test-compile @ electronicdb <<<
[INFO] 
[INFO] 
[INFO] --- spring-boot-maven-plugin:2.1.0.RELEASE:run (default-cli) @ electronicdb ---

  .   ____          _            __ _ _
 /\\ / ___'_ __ _ _(_)_ __  __ _ \ \ \ \
( ( )\___ | '_ | '_| | '_ \/ _` | \ \ \ \
 \\/  ___)| |_)| | | | | || (_| |  ) ) ) )
  '  |____| .__|_| |_|_| |_\__, | / / / /
 =========|_|==============|___/=/_/_/_/
 :: Spring Boot ::        (v2.1.0.RELEASE)

2018-11-30 15:54:43.784  INFO 9600 --- [           main] e.c.c.g.e.ElectronicdbApplication        : Starting ElectronicdbApplication on Raeleens-MacBook-Pro.local with PID 9600 (/Users/raeleenwatson/Documents/electronicdb/target/classes started by raeleenwatson in /Users/raeleenwatson/Documents/electronicdb)
2018-11-30 15:54:43.786  INFO 9600 --- [           main] e.c.c.g.e.ElectronicdbApplication        : No active profile set, falling back to default profiles: default
2018-11-30 15:54:44.143  INFO 9600 --- [           main] .s.d.r.c.RepositoryConfigurationDelegate : Bootstrapping Spring Data repositories in DEFAULT mode.
2018-11-30 15:54:44.184  INFO 9600 --- [           main] .s.d.r.c.RepositoryConfigurationDelegate : Finished Spring Data repository scanning in 36ms. Found 1 repository interfaces.
2018-11-30 15:54:44.621  INFO 9600 --- [           main] o.s.b.w.embedded.tomcat.TomcatWebServer  : Tomcat initialized with port(s): 8081 (http)
2018-11-30 15:54:44.637  INFO 9600 --- [           main] o.apache.catalina.core.StandardService   : Starting service [Tomcat]
2018-11-30 15:54:44.638  INFO 9600 --- [           main] org.apache.catalina.core.StandardEngine  : Starting Servlet Engine: Apache Tomcat/9.0.12
2018-11-30 15:54:44.646  INFO 9600 --- [           main] o.a.catalina.core.AprLifecycleListener   : The APR based Apache Tomcat Native library which allows optimal performance in production environments was not found on the java.library.path: [/Users/raeleenwatson/Library/Java/Extensions:/Library/Java/Extensions:/Network/Library/Java/Extensions:/System/Library/Java/Extensions:/usr/lib/java:.]
2018-11-30 15:54:44.701  INFO 9600 --- [           main] o.a.c.c.C.[Tomcat].[localhost].[/]       : Initializing Spring embedded WebApplicationContext
2018-11-30 15:54:44.702  INFO 9600 --- [           main] o.s.web.context.ContextLoader            : Root WebApplicationContext: initialization completed in 887 ms
2018-11-30 15:54:44.721  INFO 9600 --- [           main] o.s.b.w.servlet.ServletRegistrationBean  : Servlet dispatcherServlet mapped to [/]
2018-11-30 15:54:44.724  INFO 9600 --- [           main] o.s.b.w.servlet.FilterRegistrationBean   : Mapping filter: 'characterEncodingFilter' to: [/*]
2018-11-30 15:54:44.724  INFO 9600 --- [           main] o.s.b.w.servlet.FilterRegistrationBean   : Mapping filter: 'hiddenHttpMethodFilter' to: [/*]
2018-11-30 15:54:44.724  INFO 9600 --- [           main] o.s.b.w.servlet.FilterRegistrationBean   : Mapping filter: 'formContentFilter' to: [/*]
2018-11-30 15:54:44.724  INFO 9600 --- [           main] o.s.b.w.servlet.FilterRegistrationBean   : Mapping filter: 'requestContextFilter' to: [/*]
2018-11-30 15:54:44.934  INFO 9600 --- [           main] org.mongodb.driver.cluster               : Cluster created with settings {hosts=[localhost:27017], mode=SINGLE, requiredClusterType=UNKNOWN, serverSelectionTimeout='30000 ms', maxWaitQueueSize=500}
2018-11-30 15:54:44.983  INFO 9600 --- [localhost:27017] org.mongodb.driver.connection            : Opened connection [connectionId{localValue:1, serverValue:10}] to localhost:27017
2018-11-30 15:54:44.986  INFO 9600 --- [localhost:27017] org.mongodb.driver.cluster               : Monitor thread successfully connected to server with description ServerDescription{address=localhost:27017, type=STANDALONE, state=CONNECTED, ok=true, version=ServerVersion{versionList=[4, 0, 3]}, minWireVersion=0, maxWireVersion=7, maxDocumentSize=16777216, logicalSessionTimeoutMinutes=30, roundTripTimeNanos=1847143}
2018-11-30 15:54:45.197  WARN 9600 --- [           main] ConfigServletWebServerApplicationContext : Exception encountered during context initialization - cancelling refresh attempt: org.springframework.beans.factory.UnsatisfiedDependencyException: Error creating bean with name 'electronicsController': Unsatisfied dependency expressed through field 'productInfoRepository'; nested exception is org.springframework.beans.factory.BeanCreationException: Error creating bean with name 'IProductInfoRepository': Invocation of init method failed; nested exception is com.mongodb.util.JSONParseException: 
{ productName: /:name/ }
               ^
2018-11-30 15:54:45.200  INFO 9600 --- [           main] o.apache.catalina.core.StandardService   : Stopping service [Tomcat]
WARNING: An illegal reflective access operation has occurred
WARNING: Illegal reflective access by org.apache.catalina.loader.WebappClassLoaderBase (file:/Users/raeleenwatson/.m2/repository/org/apache/tomcat/embed/tomcat-embed-core/9.0.12/tomcat-embed-core-9.0.12.jar) to field java.io.ObjectStreamClass$Caches.localDescs
WARNING: Please consider reporting this to the maintainers of org.apache.catalina.loader.WebappClassLoaderBase
WARNING: Use --illegal-access=warn to enable warnings of further illegal reflective access operations
WARNING: All illegal access operations will be denied in a future release
2018-11-30 15:54:45.212  INFO 9600 --- [           main] ConditionEvaluationReportLoggingListener : 

Error starting ApplicationContext. To display the conditions report re-run your application with 'debug' enabled.
2018-11-30 15:54:45.217 ERROR 9600 --- [           main] o.s.boot.SpringApplication               : Application run failed

org.springframework.beans.factory.UnsatisfiedDependencyException: Error creating bean with name 'electronicsController': Unsatisfied dependency expressed through field 'productInfoRepository'; nested exception is org.springframework.beans.factory.BeanCreationException: Error creating bean with name 'IProductInfoRepository': Invocation of init method failed; nested exception is com.mongodb.util.JSONParseException: 
{ productName: /:name/ }
               ^
	at org.springframework.beans.factory.annotation.AutowiredAnnotationBeanPostProcessor$AutowiredFieldElement.inject(AutowiredAnnotationBeanPostProcessor.java:596) ~[spring-beans-5.1.2.RELEASE.jar:5.1.2.RELEASE]
	at org.springframework.beans.factory.annotation.InjectionMetadata.inject(InjectionMetadata.java:90) ~[spring-beans-5.1.2.RELEASE.jar:5.1.2.RELEASE]
	at org.springframework.beans.factory.annotation.AutowiredAnnotationBeanPostProcessor.postProcessProperties(AutowiredAnnotationBeanPostProcessor.java:374) ~[spring-beans-5.1.2.RELEASE.jar:5.1.2.RELEASE]
	at org.springframework.beans.factory.support.AbstractAutowireCapableBeanFactory.populateBean(AbstractAutowireCapableBeanFactory.java:1378) ~[spring-beans-5.1.2.RELEASE.jar:5.1.2.RELEASE]
	at org.springframework.beans.factory.support.AbstractAutowireCapableBeanFactory.doCreateBean(AbstractAutowireCapableBeanFactory.java:575) ~[spring-beans-5.1.2.RELEASE.jar:5.1.2.RELEASE]
	at org.springframework.beans.factory.support.AbstractAutowireCapableBeanFactory.createBean(AbstractAutowireCapableBeanFactory.java:498) ~[spring-beans-5.1.2.RELEASE.jar:5.1.2.RELEASE]
	at org.springframework.beans.factory.support.AbstractBeanFactory.lambda$doGetBean$0(AbstractBeanFactory.java:320) ~[spring-beans-5.1.2.RELEASE.jar:5.1.2.RELEASE]
	at org.springframework.beans.factory.support.DefaultSingletonBeanRegistry.getSingleton(DefaultSingletonBeanRegistry.java:222) ~[spring-beans-5.1.2.RELEASE.jar:5.1.2.RELEASE]
	at org.springframework.beans.factory.support.AbstractBeanFactory.doGetBean(AbstractBeanFactory.java:318) ~[spring-beans-5.1.2.RELEASE.jar:5.1.2.RELEASE]
	at org.springframework.beans.factory.support.AbstractBeanFactory.getBean(AbstractBeanFactory.java:199) ~[spring-beans-5.1.2.RELEASE.jar:5.1.2.RELEASE]
	at org.springframework.beans.factory.support.DefaultListableBeanFactory.preInstantiateSingletons(DefaultListableBeanFactory.java:846) ~[spring-beans-5.1.2.RELEASE.jar:5.1.2.RELEASE]
	at org.springframework.context.support.AbstractApplicationContext.finishBeanFactoryInitialization(AbstractApplicationContext.java:863) ~[spring-context-5.1.2.RELEASE.jar:5.1.2.RELEASE]
	at org.springframework.context.support.AbstractApplicationContext.refresh(AbstractApplicationContext.java:546) ~[spring-context-5.1.2.RELEASE.jar:5.1.2.RELEASE]
	at org.springframework.boot.web.servlet.context.ServletWebServerApplicationContext.refresh(ServletWebServerApplicationContext.java:140) ~[spring-boot-2.1.0.RELEASE.jar:2.1.0.RELEASE]
	at org.springframework.boot.SpringApplication.refresh(SpringApplication.java:775) [spring-boot-2.1.0.RELEASE.jar:2.1.0.RELEASE]
	at org.springframework.boot.SpringApplication.refreshContext(SpringApplication.java:397) [spring-boot-2.1.0.RELEASE.jar:2.1.0.RELEASE]
	at org.springframework.boot.SpringApplication.run(SpringApplication.java:316) [spring-boot-2.1.0.RELEASE.jar:2.1.0.RELEASE]
	at org.springframework.boot.SpringApplication.run(SpringApplication.java:1260) [spring-boot-2.1.0.RELEASE.jar:2.1.0.RELEASE]
	at org.springframework.boot.SpringApplication.run(SpringApplication.java:1248) [spring-boot-2.1.0.RELEASE.jar:2.1.0.RELEASE]
	at edu.csumb.cst438.group15.electronicdb.ElectronicdbApplication.main(ElectronicdbApplication.java:10) [classes/:na]
	at java.base/jdk.internal.reflect.NativeMethodAccessorImpl.invoke0(Native Method) ~[na:na]
	at java.base/jdk.internal.reflect.NativeMethodAccessorImpl.invoke(NativeMethodAccessorImpl.java:62) ~[na:na]
	at java.base/jdk.internal.reflect.DelegatingMethodAccessorImpl.invoke(DelegatingMethodAccessorImpl.java:43) ~[na:na]
	at java.base/java.lang.reflect.Method.invoke(Method.java:564) ~[na:na]
	at org.springframework.boot.maven.AbstractRunMojo$LaunchRunner.run(AbstractRunMojo.java:558) [spring-boot-maven-plugin-2.1.0.RELEASE.jar:2.1.0.RELEASE]
	at java.base/java.lang.Thread.run(Thread.java:844) [na:na]
Caused by: org.springframework.beans.factory.BeanCreationException: Error creating bean with name 'IProductInfoRepository': Invocation of init method failed; nested exception is com.mongodb.util.JSONParseException: 
{ productName: /:name/ }
               ^
	at org.springframework.beans.factory.support.AbstractAutowireCapableBeanFactory.initializeBean(AbstractAutowireCapableBeanFactory.java:1745) ~[spring-beans-5.1.2.RELEASE.jar:5.1.2.RELEASE]
	at org.springframework.beans.factory.support.AbstractAutowireCapableBeanFactory.doCreateBean(AbstractAutowireCapableBeanFactory.java:576) ~[spring-beans-5.1.2.RELEASE.jar:5.1.2.RELEASE]
	at org.springframework.beans.factory.support.AbstractAutowireCapableBeanFactory.createBean(AbstractAutowireCapableBeanFactory.java:498) ~[spring-beans-5.1.2.RELEASE.jar:5.1.2.RELEASE]
	at org.springframework.beans.factory.support.AbstractBeanFactory.lambda$doGetBean$0(AbstractBeanFactory.java:320) ~[spring-beans-5.1.2.RELEASE.jar:5.1.2.RELEASE]
	at org.springframework.beans.factory.support.DefaultSingletonBeanRegistry.getSingleton(DefaultSingletonBeanRegistry.java:222) ~[spring-beans-5.1.2.RELEASE.jar:5.1.2.RELEASE]
	at org.springframework.beans.factory.support.AbstractBeanFactory.doGetBean(AbstractBeanFactory.java:318) ~[spring-beans-5.1.2.RELEASE.jar:5.1.2.RELEASE]
	at org.springframework.beans.factory.support.AbstractBeanFactory.getBean(AbstractBeanFactory.java:199) ~[spring-beans-5.1.2.RELEASE.jar:5.1.2.RELEASE]
	at org.springframework.beans.factory.config.DependencyDescriptor.resolveCandidate(DependencyDescriptor.java:273) ~[spring-beans-5.1.2.RELEASE.jar:5.1.2.RELEASE]
	at org.springframework.beans.factory.support.DefaultListableBeanFactory.doResolveDependency(DefaultListableBeanFactory.java:1239) ~[spring-beans-5.1.2.RELEASE.jar:5.1.2.RELEASE]
	at org.springframework.beans.factory.support.DefaultListableBeanFactory.resolveDependency(DefaultListableBeanFactory.java:1166) ~[spring-beans-5.1.2.RELEASE.jar:5.1.2.RELEASE]
	at org.springframework.beans.factory.annotation.AutowiredAnnotationBeanPostProcessor$AutowiredFieldElement.inject(AutowiredAnnotationBeanPostProcessor.java:593) ~[spring-beans-5.1.2.RELEASE.jar:5.1.2.RELEASE]
	... 25 common frames omitted
Caused by: com.mongodb.util.JSONParseException: 
{ productName: /:name/ }
               ^
	at com.mongodb.util.JSONParser.parse(JSON.java:231) ~[mongodb-driver-3.8.2.jar:na]
	at com.mongodb.util.JSONParser.parseObject(JSON.java:264) ~[mongodb-driver-3.8.2.jar:na]
	at com.mongodb.util.JSONParser.parse(JSON.java:228) ~[mongodb-driver-3.8.2.jar:na]
	at com.mongodb.util.JSONParser.parse(JSON.java:156) ~[mongodb-driver-3.8.2.jar:na]
	at com.mongodb.util.JSON.parse(JSON.java:98) ~[mongodb-driver-3.8.2.jar:na]
	at com.mongodb.util.JSON.parse(JSON.java:79) ~[mongodb-driver-3.8.2.jar:na]
	at org.springframework.data.mongodb.repository.query.StringBasedMongoQuery$ParameterBindingParser.parseAndCollectParameterBindingsFromQueryIntoBindings(StringBasedMongoQuery.java:228) ~[spring-data-mongodb-2.1.2.RELEASE.jar:2.1.2.RELEASE]
	at org.springframework.data.mongodb.repository.query.StringBasedMongoQuery.<init>(StringBasedMongoQuery.java:96) ~[spring-data-mongodb-2.1.2.RELEASE.jar:2.1.2.RELEASE]
	at org.springframework.data.mongodb.repository.query.StringBasedMongoQuery.<init>(StringBasedMongoQuery.java:75) ~[spring-data-mongodb-2.1.2.RELEASE.jar:2.1.2.RELEASE]
	at org.springframework.data.mongodb.repository.support.MongoRepositoryFactory$MongoQueryLookupStrategy.resolveQuery(MongoRepositoryFactory.java:191) ~[spring-data-mongodb-2.1.2.RELEASE.jar:2.1.2.RELEASE]
	at org.springframework.data.repository.core.support.RepositoryFactorySupport$QueryExecutorMethodInterceptor.lookupQuery(RepositoryFactorySupport.java:566) ~[spring-data-commons-2.1.2.RELEASE.jar:2.1.2.RELEASE]
	at org.springframework.data.repository.core.support.RepositoryFactorySupport$QueryExecutorMethodInterceptor.lambda$mapMethodsToQuery$1(RepositoryFactorySupport.java:559) ~[spring-data-commons-2.1.2.RELEASE.jar:2.1.2.RELEASE]
	at java.base/java.util.stream.ReferencePipeline$3$1.accept(ReferencePipeline.java:195) ~[na:na]
	at java.base/java.util.Iterator.forEachRemaining(Iterator.java:133) ~[na:na]
	at java.base/java.util.Collections$UnmodifiableCollection$1.forEachRemaining(Collections.java:1050) ~[na:na]
	at java.base/java.util.Spliterators$IteratorSpliterator.forEachRemaining(Spliterators.java:1801) ~[na:na]
	at java.base/java.util.stream.AbstractPipeline.copyInto(AbstractPipeline.java:484) ~[na:na]
	at java.base/java.util.stream.AbstractPipeline.wrapAndCopyInto(AbstractPipeline.java:474) ~[na:na]
	at java.base/java.util.stream.ReduceOps$ReduceOp.evaluateSequential(ReduceOps.java:913) ~[na:na]
	at java.base/java.util.stream.AbstractPipeline.evaluate(AbstractPipeline.java:234) ~[na:na]
	at java.base/java.util.stream.ReferencePipeline.collect(ReferencePipeline.java:578) ~[na:na]
	at org.springframework.data.repository.core.support.RepositoryFactorySupport$QueryExecutorMethodInterceptor.mapMethodsToQuery(RepositoryFactorySupport.java:561) ~[spring-data-commons-2.1.2.RELEASE.jar:2.1.2.RELEASE]
	at org.springframework.data.repository.core.support.RepositoryFactorySupport$QueryExecutorMethodInterceptor.lambda$new$0(RepositoryFactorySupport.java:551) ~[spring-data-commons-2.1.2.RELEASE.jar:2.1.2.RELEASE]
	at java.base/java.util.Optional.map(Optional.java:254) ~[na:na]
	at org.springframework.data.repository.core.support.RepositoryFactorySupport$QueryExecutorMethodInterceptor.<init>(RepositoryFactorySupport.java:551) ~[spring-data-commons-2.1.2.RELEASE.jar:2.1.2.RELEASE]
	at org.springframework.data.repository.core.support.RepositoryFactorySupport.getRepository(RepositoryFactorySupport.java:324) ~[spring-data-commons-2.1.2.RELEASE.jar:2.1.2.RELEASE]
	at org.springframework.data.repository.core.support.RepositoryFactoryBeanSupport.lambda$afterPropertiesSet$5(RepositoryFactoryBeanSupport.java:297) ~[spring-data-commons-2.1.2.RELEASE.jar:2.1.2.RELEASE]
	at org.springframework.data.util.Lazy.getNullable(Lazy.java:211) ~[spring-data-commons-2.1.2.RELEASE.jar:2.1.2.RELEASE]
	at org.springframework.data.util.Lazy.get(Lazy.java:94) ~[spring-data-commons-2.1.2.RELEASE.jar:2.1.2.RELEASE]
	at org.springframework.data.repository.core.support.RepositoryFactoryBeanSupport.afterPropertiesSet(RepositoryFactoryBeanSupport.java:300) ~[spring-data-commons-2.1.2.RELEASE.jar:2.1.2.RELEASE]
	at org.springframework.data.mongodb.repository.support.MongoRepositoryFactoryBean.afterPropertiesSet(MongoRepositoryFactoryBean.java:119) ~[spring-data-mongodb-2.1.2.RELEASE.jar:2.1.2.RELEASE]
	at org.springframework.beans.factory.support.AbstractAutowireCapableBeanFactory.invokeInitMethods(AbstractAutowireCapableBeanFactory.java:1804) ~[spring-beans-5.1.2.RELEASE.jar:5.1.2.RELEASE]
	at org.springframework.beans.factory.support.AbstractAutowireCapableBeanFactory.initializeBean(AbstractAutowireCapableBeanFactory.java:1741) ~[spring-beans-5.1.2.RELEASE.jar:5.1.2.RELEASE]
	... 35 common frames omitted

[WARNING] 
java.lang.reflect.InvocationTargetException
    at jdk.internal.reflect.NativeMethodAccessorImpl.invoke0 (Native Method)
    at jdk.internal.reflect.NativeMethodAccessorImpl.invoke (NativeMethodAccessorImpl.java:62)
    at jdk.internal.reflect.DelegatingMethodAccessorImpl.invoke (DelegatingMethodAccessorImpl.java:43)
    at java.lang.reflect.Method.invoke (Method.java:564)
    at org.springframework.boot.maven.AbstractRunMojo$LaunchRunner.run (AbstractRunMojo.java:558)
    at java.lang.Thread.run (Thread.java:844)
Caused by: org.springframework.beans.factory.UnsatisfiedDependencyException: Error creating bean with name 'electronicsController': Unsatisfied dependency expressed through field 'productInfoRepository'; nested exception is org.springframework.beans.factory.BeanCreationException: Error creating bean with name 'IProductInfoRepository': Invocation of init method failed; nested exception is com.mongodb.util.JSONParseException: 
{ productName: /:name/ }
               ^
    at org.springframework.beans.factory.annotation.AutowiredAnnotationBeanPostProcessor$AutowiredFieldElement.inject (AutowiredAnnotationBeanPostProcessor.java:596)
    at org.springframework.beans.factory.annotation.InjectionMetadata.inject (InjectionMetadata.java:90)
    at org.springframework.beans.factory.annotation.AutowiredAnnotationBeanPostProcessor.postProcessProperties (AutowiredAnnotationBeanPostProcessor.java:374)
    at org.springframework.beans.factory.support.AbstractAutowireCapableBeanFactory.populateBean (AbstractAutowireCapableBeanFactory.java:1378)
    at org.springframework.beans.factory.support.AbstractAutowireCapableBeanFactory.doCreateBean (AbstractAutowireCapableBeanFactory.java:575)
    at org.springframework.beans.factory.support.AbstractAutowireCapableBeanFactory.createBean (AbstractAutowireCapableBeanFactory.java:498)
    at org.springframework.beans.factory.support.AbstractBeanFactory.lambda$doGetBean$0 (AbstractBeanFactory.java:320)
    at org.springframework.beans.factory.support.DefaultSingletonBeanRegistry.getSingleton (DefaultSingletonBeanRegistry.java:222)
    at org.springframework.beans.factory.support.AbstractBeanFactory.doGetBean (AbstractBeanFactory.java:318)
    at org.springframework.beans.factory.support.AbstractBeanFactory.getBean (AbstractBeanFactory.java:199)
    at org.springframework.beans.factory.support.DefaultListableBeanFactory.preInstantiateSingletons (DefaultListableBeanFactory.java:846)
    at org.springframework.context.support.AbstractApplicationContext.finishBeanFactoryInitialization (AbstractApplicationContext.java:863)
    at org.springframework.context.support.AbstractApplicationContext.refresh (AbstractApplicationContext.java:546)
    at org.springframework.boot.web.servlet.context.ServletWebServerApplicationContext.refresh (ServletWebServerApplicationContext.java:140)
    at org.springframework.boot.SpringApplication.refresh (SpringApplication.java:775)
    at org.springframework.boot.SpringApplication.refreshContext (SpringApplication.java:397)
    at org.springframework.boot.SpringApplication.run (SpringApplication.java:316)
    at org.springframework.boot.SpringApplication.run (SpringApplication.java:1260)
    at org.springframework.boot.SpringApplication.run (SpringApplication.java:1248)
    at edu.csumb.cst438.group15.electronicdb.ElectronicdbApplication.main (ElectronicdbApplication.java:10)
    at jdk.internal.reflect.NativeMethodAccessorImpl.invoke0 (Native Method)
    at jdk.internal.reflect.NativeMethodAccessorImpl.invoke (NativeMethodAccessorImpl.java:62)
    at jdk.internal.reflect.DelegatingMethodAccessorImpl.invoke (DelegatingMethodAccessorImpl.java:43)
    at java.lang.reflect.Method.invoke (Method.java:564)
    at org.springframework.boot.maven.AbstractRunMojo$LaunchRunner.run (AbstractRunMojo.java:558)
    at java.lang.Thread.run (Thread.java:844)
Caused by: org.springframework.beans.factory.BeanCreationException: Error creating bean with name 'IProductInfoRepository': Invocation of init method failed; nested exception is com.mongodb.util.JSONParseException: 
{ productName: /:name/ }
               ^
    at org.springframework.beans.factory.support.AbstractAutowireCapableBeanFactory.initializeBean (AbstractAutowireCapableBeanFactory.java:1745)
    at org.springframework.beans.factory.support.AbstractAutowireCapableBeanFactory.doCreateBean (AbstractAutowireCapableBeanFactory.java:576)
    at org.springframework.beans.factory.support.AbstractAutowireCapableBeanFactory.createBean (AbstractAutowireCapableBeanFactory.java:498)
    at org.springframework.beans.factory.support.AbstractBeanFactory.lambda$doGetBean$0 (AbstractBeanFactory.java:320)
    at org.springframework.beans.factory.support.DefaultSingletonBeanRegistry.getSingleton (DefaultSingletonBeanRegistry.java:222)
    at org.springframework.beans.factory.support.AbstractBeanFactory.doGetBean (AbstractBeanFactory.java:318)
    at org.springframework.beans.factory.support.AbstractBeanFactory.getBean (AbstractBeanFactory.java:199)
    at org.springframework.beans.factory.config.DependencyDescriptor.resolveCandidate (DependencyDescriptor.java:273)
    at org.springframework.beans.factory.support.DefaultListableBeanFactory.doResolveDependency (DefaultListableBeanFactory.java:1239)
    at org.springframework.beans.factory.support.DefaultListableBeanFactory.resolveDependency (DefaultListableBeanFactory.java:1166)
    at org.springframework.beans.factory.annotation.AutowiredAnnotationBeanPostProcessor$AutowiredFieldElement.inject (AutowiredAnnotationBeanPostProcessor.java:593)
    at org.springframework.beans.factory.annotation.InjectionMetadata.inject (InjectionMetadata.java:90)
    at org.springframework.beans.factory.annotation.AutowiredAnnotationBeanPostProcessor.postProcessProperties (AutowiredAnnotationBeanPostProcessor.java:374)
    at org.springframework.beans.factory.support.AbstractAutowireCapableBeanFactory.populateBean (AbstractAutowireCapableBeanFactory.java:1378)
    at org.springframework.beans.factory.support.AbstractAutowireCapableBeanFactory.doCreateBean (AbstractAutowireCapableBeanFactory.java:575)
    at org.springframework.beans.factory.support.AbstractAutowireCapableBeanFactory.createBean (AbstractAutowireCapableBeanFactory.java:498)
    at org.springframework.beans.factory.support.AbstractBeanFactory.lambda$doGetBean$0 (AbstractBeanFactory.java:320)
    at org.springframework.beans.factory.support.DefaultSingletonBeanRegistry.getSingleton (DefaultSingletonBeanRegistry.java:222)
    at org.springframework.beans.factory.support.AbstractBeanFactory.doGetBean (AbstractBeanFactory.java:318)
    at org.springframework.beans.factory.support.AbstractBeanFactory.getBean (AbstractBeanFactory.java:199)
    at org.springframework.beans.factory.support.DefaultListableBeanFactory.preInstantiateSingletons (DefaultListableBeanFactory.java:846)
    at org.springframework.context.support.AbstractApplicationContext.finishBeanFactoryInitialization (AbstractApplicationContext.java:863)
    at org.springframework.context.support.AbstractApplicationContext.refresh (AbstractApplicationContext.java:546)
    at org.springframework.boot.web.servlet.context.ServletWebServerApplicationContext.refresh (ServletWebServerApplicationContext.java:140)
    at org.springframework.boot.SpringApplication.refresh (SpringApplication.java:775)
    at org.springframework.boot.SpringApplication.refreshContext (SpringApplication.java:397)
    at org.springframework.boot.SpringApplication.run (SpringApplication.java:316)
    at org.springframework.boot.SpringApplication.run (SpringApplication.java:1260)
    at org.springframework.boot.SpringApplication.run (SpringApplication.java:1248)
    at edu.csumb.cst438.group15.electronicdb.ElectronicdbApplication.main (ElectronicdbApplication.java:10)
    at jdk.internal.reflect.NativeMethodAccessorImpl.invoke0 (Native Method)
    at jdk.internal.reflect.NativeMethodAccessorImpl.invoke (NativeMethodAccessorImpl.java:62)
    at jdk.internal.reflect.DelegatingMethodAccessorImpl.invoke (DelegatingMethodAccessorImpl.java:43)
    at java.lang.reflect.Method.invoke (Method.java:564)
    at org.springframework.boot.maven.AbstractRunMojo$LaunchRunner.run (AbstractRunMojo.java:558)
    at java.lang.Thread.run (Thread.java:844)
Caused by: com.mongodb.util.JSONParseException: 
{ productName: /:name/ }
               ^
    at com.mongodb.util.JSONParser.parse (JSON.java:231)
    at com.mongodb.util.JSONParser.parseObject (JSON.java:264)
    at com.mongodb.util.JSONParser.parse (JSON.java:228)
    at com.mongodb.util.JSONParser.parse (JSON.java:156)
    at com.mongodb.util.JSON.parse (JSON.java:98)
    at com.mongodb.util.JSON.parse (JSON.java:79)
    at org.springframework.data.mongodb.repository.query.StringBasedMongoQuery$ParameterBindingParser.parseAndCollectParameterBindingsFromQueryIntoBindings (StringBasedMongoQuery.java:228)
    at org.springframework.data.mongodb.repository.query.StringBasedMongoQuery.<init> (StringBasedMongoQuery.java:96)
    at org.springframework.data.mongodb.repository.query.StringBasedMongoQuery.<init> (StringBasedMongoQuery.java:75)
    at org.springframework.data.mongodb.repository.support.MongoRepositoryFactory$MongoQueryLookupStrategy.resolveQuery (MongoRepositoryFactory.java:191)
    at org.springframework.data.repository.core.support.RepositoryFactorySupport$QueryExecutorMethodInterceptor.lookupQuery (RepositoryFactorySupport.java:566)
    at org.springframework.data.repository.core.support.RepositoryFactorySupport$QueryExecutorMethodInterceptor.lambda$mapMethodsToQuery$1 (RepositoryFactorySupport.java:559)
    at java.util.stream.ReferencePipeline$3$1.accept (ReferencePipeline.java:195)
    at java.util.Iterator.forEachRemaining (Iterator.java:133)
    at java.util.Collections$UnmodifiableCollection$1.forEachRemaining (Collections.java:1050)
    at java.util.Spliterators$IteratorSpliterator.forEachRemaining (Spliterators.java:1801)
    at java.util.stream.AbstractPipeline.copyInto (AbstractPipeline.java:484)
    at java.util.stream.AbstractPipeline.wrapAndCopyInto (AbstractPipeline.java:474)
    at java.util.stream.ReduceOps$ReduceOp.evaluateSequential (ReduceOps.java:913)
    at java.util.stream.AbstractPipeline.evaluate (AbstractPipeline.java:234)
    at java.util.stream.ReferencePipeline.collect (ReferencePipeline.java:578)
    at org.springframework.data.repository.core.support.RepositoryFactorySupport$QueryExecutorMethodInterceptor.mapMethodsToQuery (RepositoryFactorySupport.java:561)
    at org.springframework.data.repository.core.support.RepositoryFactorySupport$QueryExecutorMethodInterceptor.lambda$new$0 (RepositoryFactorySupport.java:551)
    at java.util.Optional.map (Optional.java:254)
    at org.springframework.data.repository.core.support.RepositoryFactorySupport$QueryExecutorMethodInterceptor.<init> (RepositoryFactorySupport.java:551)
    at org.springframework.data.repository.core.support.RepositoryFactorySupport.getRepository (RepositoryFactorySupport.java:324)
    at org.springframework.data.repository.core.support.RepositoryFactoryBeanSupport.lambda$afterPropertiesSet$5 (RepositoryFactoryBeanSupport.java:297)
    at org.springframework.data.util.Lazy.getNullable (Lazy.java:211)
    at org.springframework.data.util.Lazy.get (Lazy.java:94)
    at org.springframework.data.repository.core.support.RepositoryFactoryBeanSupport.afterPropertiesSet (RepositoryFactoryBeanSupport.java:300)
    at org.springframework.data.mongodb.repository.support.MongoRepositoryFactoryBean.afterPropertiesSet (MongoRepositoryFactoryBean.java:119)
    at org.springframework.beans.factory.support.AbstractAutowireCapableBeanFactory.invokeInitMethods (AbstractAutowireCapableBeanFactory.java:1804)
    at org.springframework.beans.factory.support.AbstractAutowireCapableBeanFactory.initializeBean (AbstractAutowireCapableBeanFactory.java:1741)
    at org.springframework.beans.factory.support.AbstractAutowireCapableBeanFactory.doCreateBean (AbstractAutowireCapableBeanFactory.java:576)
    at org.springframework.beans.factory.support.AbstractAutowireCapableBeanFactory.createBean (AbstractAutowireCapableBeanFactory.java:498)
    at org.springframework.beans.factory.support.AbstractBeanFactory.lambda$doGetBean$0 (AbstractBeanFactory.java:320)
    at org.springframework.beans.factory.support.DefaultSingletonBeanRegistry.getSingleton (DefaultSingletonBeanRegistry.java:222)
    at org.springframework.beans.factory.support.AbstractBeanFactory.doGetBean (AbstractBeanFactory.java:318)
    at org.springframework.beans.factory.support.AbstractBeanFactory.getBean (AbstractBeanFactory.java:199)
    at org.springframework.beans.factory.config.DependencyDescriptor.resolveCandidate (DependencyDescriptor.java:273)
    at org.springframework.beans.factory.support.DefaultListableBeanFactory.doResolveDependency (DefaultListableBeanFactory.java:1239)
    at org.springframework.beans.factory.support.DefaultListableBeanFactory.resolveDependency (DefaultListableBeanFactory.java:1166)
    at org.springframework.beans.factory.annotation.AutowiredAnnotationBeanPostProcessor$AutowiredFieldElement.inject (AutowiredAnnotationBeanPostProcessor.java:593)
    at org.springframework.beans.factory.annotation.InjectionMetadata.inject (InjectionMetadata.java:90)
    at org.springframework.beans.factory.annotation.AutowiredAnnotationBeanPostProcessor.postProcessProperties (AutowiredAnnotationBeanPostProcessor.java:374)
    at org.springframework.beans.factory.support.AbstractAutowireCapableBeanFactory.populateBean (AbstractAutowireCapableBeanFactory.java:1378)
    at org.springframework.beans.factory.support.AbstractAutowireCapableBeanFactory.doCreateBean (AbstractAutowireCapableBeanFactory.java:575)
    at org.springframework.beans.factory.support.AbstractAutowireCapableBeanFactory.createBean (AbstractAutowireCapableBeanFactory.java:498)
    at org.springframework.beans.factory.support.AbstractBeanFactory.lambda$doGetBean$0 (AbstractBeanFactory.java:320)
    at org.springframework.beans.factory.support.DefaultSingletonBeanRegistry.getSingleton (DefaultSingletonBeanRegistry.java:222)
    at org.springframework.beans.factory.support.AbstractBeanFactory.doGetBean (AbstractBeanFactory.java:318)
    at org.springframework.beans.factory.support.AbstractBeanFactory.getBean (AbstractBeanFactory.java:199)
    at org.springframework.beans.factory.support.DefaultListableBeanFactory.preInstantiateSingletons (DefaultListableBeanFactory.java:846)
    at org.springframework.context.support.AbstractApplicationContext.finishBeanFactoryInitialization (AbstractApplicationContext.java:863)
    at org.springframework.context.support.AbstractApplicationContext.refresh (AbstractApplicationContext.java:546)
    at org.springframework.boot.web.servlet.context.ServletWebServerApplicationContext.refresh (ServletWebServerApplicationContext.java:140)
    at org.springframework.boot.SpringApplication.refresh (SpringApplication.java:775)
    at org.springframework.boot.SpringApplication.refreshContext (SpringApplication.java:397)
    at org.springframework.boot.SpringApplication.run (SpringApplication.java:316)
    at org.springframework.boot.SpringApplication.run (SpringApplication.java:1260)
    at org.springframework.boot.SpringApplication.run (SpringApplication.java:1248)
    at edu.csumb.cst438.group15.electronicdb.ElectronicdbApplication.main (ElectronicdbApplication.java:10)
    at jdk.internal.reflect.NativeMethodAccessorImpl.invoke0 (Native Method)
    at jdk.internal.reflect.NativeMethodAccessorImpl.invoke (NativeMethodAccessorImpl.java:62)
    at jdk.internal.reflect.DelegatingMethodAccessorImpl.invoke (DelegatingMethodAccessorImpl.java:43)
    at java.lang.reflect.Method.invoke (Method.java:564)
    at org.springframework.boot.maven.AbstractRunMojo$LaunchRunner.run (AbstractRunMojo.java:558)
    at java.lang.Thread.run (Thread.java:844)
[INFO] ------------------------------------------------------------------------
[INFO] BUILD FAILURE
[INFO] ------------------------------------------------------------------------
[INFO] Total time:  3.202 s
[INFO] Finished at: 2018-11-30T15:54:45-08:00
[INFO] ------------------------------------------------------------------------
[ERROR] Failed to execute goal org.springframework.boot:spring-boot-maven-plugin:2.1.0.RELEASE:run (default-cli) on project electronicdb: An exception occurred while running. null: InvocationTargetException: Error creating bean with name 'electronicsController': Unsatisfied dependency expressed through field 'productInfoRepository'; nested exception is org.springframework.beans.factory.BeanCreationException: Error creating bean with name 'IProductInfoRepository': Invocation of init method failed; nested exception is com.mongodb.util.JSONParseException: 
[ERROR] { productName: /:name/ }
[ERROR]                ^
[ERROR] -> [Help 1]
[ERROR] 
[ERROR] To see the full stack trace of the errors, re-run Maven with the -e switch.
[ERROR] Re-run Maven using the -X switch to enable full debug logging.
[ERROR] 
[ERROR] For more information about the errors and possible solutions, please read the following articles:
[ERROR] [Help 1] http://cwiki.apache.org/confluence/display/MAVEN/MojoExecutionException
